11/26/2018 8:40:10 PM	This log contains information about the import schema operation into project 'Schema' on computer 'BRUTR' by user 'Brutr'.
11/26/2018 8:40:10 PM	Import of database schema has started.
11/26/2018 8:40:18 PM	Gathering database credentials
11/26/2018 8:40:18 PM	Gathering database options
11/26/2018 8:40:18 PM	Gathering generic database scoped configuration option
11/26/2018 8:40:18 PM	Gathering users
11/26/2018 8:40:18 PM	Gathering roles
11/26/2018 8:40:18 PM	Gathering application roles
11/26/2018 8:40:18 PM	Gathering role memberships
11/26/2018 8:40:18 PM	Gathering filegroups
11/26/2018 8:40:18 PM	Gathering full-text catalogs
11/26/2018 8:40:18 PM	Gathering assemblies
11/26/2018 8:40:18 PM	Gathering certificates
11/26/2018 8:40:18 PM	Gathering asymmetric keys
11/26/2018 8:40:18 PM	Gathering symmetric keys
11/26/2018 8:40:18 PM	Gathering encrypted symmetric keys
11/26/2018 8:40:18 PM	Gathering schemas
11/26/2018 8:40:18 PM	Gathering XML schema collections
11/26/2018 8:40:18 PM	Gathering user-defined data types
11/26/2018 8:40:18 PM	Gathering user-defined types
11/26/2018 8:40:18 PM	Gathering table types
11/26/2018 8:40:18 PM	Gathering unique keys for table types
11/26/2018 8:40:18 PM	Gathering primary keys for table types
11/26/2018 8:40:18 PM	Gathering indexes for table types
11/26/2018 8:40:18 PM	Gathering check constraints for table types
11/26/2018 8:40:18 PM	Gathering default constraints for table types
11/26/2018 8:40:18 PM	Gathering partition functions
11/26/2018 8:40:18 PM	Gathering partition schemes
11/26/2018 8:40:18 PM	Gathering functions
11/26/2018 8:40:18 PM	Gathering encrypted functions
11/26/2018 8:40:18 PM	Gathering aggregates
11/26/2018 8:40:18 PM	Gathering procedures
11/26/2018 8:40:18 PM	Gathering encrypted procedures
11/26/2018 8:40:18 PM	Gathering tables
11/26/2018 8:40:18 PM	Gathering primary keys
11/26/2018 8:40:18 PM	Gathering unique constraints
11/26/2018 8:40:18 PM	Gathering foreign keys
11/26/2018 8:40:18 PM	Gathering default constraints
11/26/2018 8:40:18 PM	Gathering check constraints
11/26/2018 8:40:18 PM	Gathering views
11/26/2018 8:40:18 PM	Gathering encrypted views
11/26/2018 8:40:18 PM	Gathering indexes
11/26/2018 8:40:18 PM	Gathering statistics
11/26/2018 8:40:18 PM	Gathering full-text index stoplists
11/26/2018 8:40:18 PM	Gathering search property lists
11/26/2018 8:40:18 PM	Gathering search properties
11/26/2018 8:40:18 PM	Gathering full-text indexes
11/26/2018 8:40:18 PM	Gathering column store indexes
11/26/2018 8:40:18 PM	Gathering spatial indexes
11/26/2018 8:40:18 PM	Gathering XML indexes
11/26/2018 8:40:18 PM	Gathering Selective XML indexes
11/26/2018 8:40:18 PM	Gathering encrypted triggers
11/26/2018 8:40:18 PM	Gathering triggers
11/26/2018 8:40:18 PM	Gathering encrypted and clr ddl triggers
11/26/2018 8:40:18 PM	Gathering ddl triggers
11/26/2018 8:40:18 PM	Gathering synonyms
11/26/2018 8:40:18 PM	Gathering defaults
11/26/2018 8:40:18 PM	Gathering data constraint uddt bindings
11/26/2018 8:40:18 PM	Gathering rules
11/26/2018 8:40:18 PM	Gathering data constraint uddt bindings
11/26/2018 8:40:18 PM	Gathering message types
11/26/2018 8:40:18 PM	Gathering queues
11/26/2018 8:40:18 PM	Gathering contracts
11/26/2018 8:40:18 PM	Gathering services
11/26/2018 8:40:18 PM	Gathering event notifications
11/26/2018 8:40:18 PM	Gathering remote service bindings
11/26/2018 8:40:18 PM	Gathering broker priorities
11/26/2018 8:40:18 PM	Gathering signatures
11/26/2018 8:40:18 PM	Gathering data compression options
11/26/2018 8:40:18 PM	Gathering sequence types
11/26/2018 8:40:18 PM	Gathering security policies
11/26/2018 8:40:18 PM	Gather column encryption keys
11/26/2018 8:40:18 PM	Gathering column master keys
11/26/2018 8:40:18 PM	Gathering external data sources
11/26/2018 8:40:18 PM	Gathering external file formats
11/26/2018 8:40:18 PM	Gathering external tables
11/26/2018 8:40:18 PM	Gathering extended properties
11/26/2018 8:40:18 PM	Gathering credentials
11/26/2018 8:40:18 PM	Gathering logins
11/26/2018 8:40:18 PM	Gathering server audits
11/26/2018 8:40:18 PM	Finished importing database.
11/26/2018 8:40:18 PM	A summary of the import was saved to the following location: C:\Users\Brutr\source\repos\WebApp\Schema\Import Schema Logs\Schema_20181127044010.log
11/26/2018 8:40:18 PM	Click Finish to continue...
